<?xml version="1.0" encoding="UTF-8"?>
<testsuite xmlns:xsi="http://www.w3.org/2001/XMLSchema-instance" xsi:noNamespaceSchemaLocation="https://maven.apache.org/surefire/maven-surefire-plugin/xsd/surefire-test-report.xsd" name="org.convertator.ConvertatorApplicationTests" time="2.065" tests="1" errors="0" skipped="0" failures="0">
  <properties>
    <property name="sun.desktop" value="windows"/>
    <property name="awt.toolkit" value="sun.awt.windows.WToolkit"/>
    <property name="file.encoding.pkg" value="sun.io"/>
    <property name="java.specification.version" value="1.8"/>
    <property name="sun.cpu.isalist" value="amd64"/>
    <property name="sun.jnu.encoding" value="Cp1251"/>
    <property name="java.class.path" value="D:\GIT-DOCKER-NEXUS-MAVEN\1 - original\docker\conver\target\test-classes;D:\GIT-DOCKER-NEXUS-MAVEN\1 - original\docker\conver\target\classes;C:\Users\HryhorykY\.m2\repository\com\vaadin\vaadin-spring-boot-starter\13.0.3\vaadin-spring-boot-starter-13.0.3.jar;C:\Users\HryhorykY\.m2\repository\com\vaadin\vaadin-spring\11.0.0\vaadin-spring-11.0.0.jar;C:\Users\HryhorykY\.m2\repository\com\vaadin\flow-server\1.4.3\flow-server-1.4.3.jar;C:\Users\HryhorykY\.m2\repository\com\vaadin\external\gwt\gwt-elemental\2.8.2.vaadin2\gwt-elemental-2.8.2.vaadin2.jar;C:\Users\HryhorykY\.m2\repository\commons-fileupload\commons-fileupload\1.3.3\commons-fileupload-1.3.3.jar;C:\Users\HryhorykY\.m2\repository\commons-io\commons-io\2.5\commons-io-2.5.jar;C:\Users\HryhorykY\.m2\repository\org\jsoup\jsoup\1.11.2\jsoup-1.11.2.jar;C:\Users\HryhorykY\.m2\repository\com\helger\ph-css\6.1.1\ph-css-6.1.1.jar;C:\Users\HryhorykY\.m2\repository\com\helger\ph-commons\9.1.2\ph-commons-9.1.2.jar;C:\Users\HryhorykY\.m2\repository\com\google\code\findbugs\jsr305\3.0.2\jsr305-3.0.2.jar;C:\Users\HryhorykY\.m2\repository\com\vaadin\external\gentyref\1.2.0.vaadin1\gentyref-1.2.0.vaadin1.jar;C:\Users\HryhorykY\.m2\repository\com\vaadin\flow-push\1.4.3\flow-push-1.4.3.jar;C:\Users\HryhorykY\.m2\repository\com\vaadin\external\atmosphere\atmosphere-runtime\2.4.30.vaadin1\atmosphere-runtime-2.4.30.vaadin1.jar;C:\Users\HryhorykY\.m2\repository\com\vaadin\external\slf4j\vaadin-slf4j-jdk14\1.6.1\vaadin-slf4j-jdk14-1.6.1.jar;C:\Users\HryhorykY\.m2\repository\com\vaadin\flow-client\1.4.3\flow-client-1.4.3.jar;C:\Users\HryhorykY\.m2\repository\org\springframework\spring-webmvc\5.2.1.RELEASE\spring-webmvc-5.2.1.RELEASE.jar;C:\Users\HryhorykY\.m2\repository\org\springframework\spring-aop\5.2.1.RELEASE\spring-aop-5.2.1.RELEASE.jar;C:\Users\HryhorykY\.m2\repository\org\springframework\spring-beans\5.2.1.RELEASE\spring-beans-5.2.1.RELEASE.jar;C:\Users\HryhorykY\.m2\repository\org\springframework\spring-expression\5.2.1.RELEASE\spring-expression-5.2.1.RELEASE.jar;C:\Users\HryhorykY\.m2\repository\org\springframework\spring-websocket\5.2.1.RELEASE\spring-websocket-5.2.1.RELEASE.jar;C:\Users\HryhorykY\.m2\repository\com\vaadin\vaadin-core\13.0.3\vaadin-core-13.0.3.jar;C:\Users\HryhorykY\.m2\repository\com\vaadin\flow-html-components\1.4.3\flow-html-components-1.4.3.jar;C:\Users\HryhorykY\.m2\repository\com\vaadin\flow-data\1.4.3\flow-data-1.4.3.jar;C:\Users\HryhorykY\.m2\repository\javax\validation\validation-api\2.0.1.Final\validation-api-2.0.1.Final.jar;C:\Users\HryhorykY\.m2\repository\com\vaadin\vaadin-lumo-theme\1.4.3\vaadin-lumo-theme-1.4.3.jar;C:\Users\HryhorykY\.m2\repository\org\webjars\bowergithub\vaadin\vaadin-lumo-styles\1.4.2\vaadin-lumo-styles-1.4.2.jar;C:\Users\HryhorykY\.m2\repository\org\webjars\bowergithub\polymerelements\iron-icon\2.1.0\iron-icon-2.1.0.jar;C:\Users\HryhorykY\.m2\repository\org\webjars\bowergithub\polymerelements\iron-meta\2.1.1\iron-meta-2.1.1.jar;C:\Users\HryhorykY\.m2\repository\org\webjars\bowergithub\polymerelements\iron-iconset-svg\2.2.1\iron-iconset-svg-2.2.1.jar;C:\Users\HryhorykY\.m2\repository\org\webjars\bowergithub\polymerelements\iron-flex-layout\2.0.3\iron-flex-layout-2.0.3.jar;C:\Users\HryhorykY\.m2\repository\org\webjars\bowergithub\polymer\polymer\2.7.0\polymer-2.7.0.jar;C:\Users\HryhorykY\.m2\repository\org\webjars\bowergithub\webcomponents\webcomponentsjs\1.2.6\webcomponentsjs-1.2.6.jar;C:\Users\HryhorykY\.m2\repository\org\webjars\bowergithub\webcomponents\shadycss\1.8.0\shadycss-1.8.0.jar;C:\Users\HryhorykY\.m2\repository\com\vaadin\vaadin-material-theme\1.4.3\vaadin-material-theme-1.4.3.jar;C:\Users\HryhorykY\.m2\repository\org\webjars\bowergithub\vaadin\vaadin-material-styles\1.2.2\vaadin-material-styles-1.2.2.jar;C:\Users\HryhorykY\.m2\repository\com\vaadin\vaadin-accordion-flow\1.0.3\vaadin-accordion-flow-1.0.3.jar;C:\Users\HryhorykY\.m2\repository\org\webjars\bowergithub\vaadin\vaadin-accordion\1.0.0\vaadin-accordion-1.0.0.jar;C:\Users\HryhorykY\.m2\repository\org\webjars\bowergithub\vaadin\vaadin-details\1.0.1\vaadin-details-1.0.1.jar;C:\Users\HryhorykY\.m2\repository\org\webjars\bowergithub\vaadin\vaadin-themable-mixin\1.4.4\vaadin-themable-mixin-1.4.4.jar;C:\Users\HryhorykY\.m2\repository\org\webjars\bowergithub\vaadin\vaadin-element-mixin\2.1.3\vaadin-element-mixin-2.1.3.jar;C:\Users\HryhorykY\.m2\repository\org\webjars\bowergithub\vaadin\vaadin-usage-statistics\2.0.2\vaadin-usage-statistics-2.0.2.jar;C:\Users\HryhorykY\.m2\repository\org\webjars\bowergithub\vaadin\vaadin-development-mode-detector\2.0.0\vaadin-development-mode-detector-2.0.0.jar;C:\Users\HryhorykY\.m2\repository\com\vaadin\vaadin-button-flow\1.3.2\vaadin-button-flow-1.3.2.jar;C:\Users\HryhorykY\.m2\repository\org\webjars\bowergithub\vaadin\vaadin-button\2.1.4\vaadin-button-2.1.4.jar;C:\Users\HryhorykY\.m2\repository\org\webjars\bowergithub\vaadin\vaadin-control-state-mixin\2.1.3\vaadin-control-state-mixin-2.1.3.jar;C:\Users\HryhorykY\.m2\repository\com\vaadin\vaadin-checkbox-flow\1.3.1\vaadin-checkbox-flow-1.3.1.jar;C:\Users\HryhorykY\.m2\repository\org\webjars\bowergithub\vaadin\vaadin-checkbox\2.2.7\vaadin-checkbox-2.2.7.jar;C:\Users\HryhorykY\.m2\repository\com\vaadin\vaadin-combo-box-flow\2.1.3\vaadin-combo-box-flow-2.1.3.jar;C:\Users\HryhorykY\.m2\repository\org\webjars\bowergithub\vaadin\vaadin-combo-box\4.2.8\vaadin-combo-box-4.2.8.jar;C:\Users\HryhorykY\.m2\repository\org\webjars\bowergithub\vaadin\vaadin-text-field\2.3.5\vaadin-text-field-2.3.5.jar;C:\Users\HryhorykY\.m2\repository\org\webjars\bowergithub\polymerelements\iron-resizable-behavior\2.1.1\iron-resizable-behavior-2.1.1.jar;C:\Users\HryhorykY\.m2\repository\org\webjars\bowergithub\polymerelements\iron-a11y-announcer\2.1.0\iron-a11y-announcer-2.1.0.jar;C:\Users\HryhorykY\.m2\repository\org\webjars\bowergithub\polymerelements\iron-list\2.0.19\iron-list-2.0.19.jar;C:\Users\HryhorykY\.m2\repository\org\webjars\bowergithub\polymerelements\iron-scroll-target-behavior\2.1.1\iron-scroll-target-behavior-2.1.1.jar;C:\Users\HryhorykY\.m2\repository\org\webjars\bowergithub\polymerelements\iron-a11y-keys-behavior\2.1.1\iron-a11y-keys-behavior-2.1.1.jar;C:\Users\HryhorykY\.m2\repository\org\webjars\bowergithub\vaadin\vaadin-item\2.1.0\vaadin-item-2.1.0.jar;C:\Users\HryhorykY\.m2\repository\org\webjars\bowergithub\vaadin\vaadin-overlay\3.2.11\vaadin-overlay-3.2.11.jar;C:\Users\HryhorykY\.m2\repository\org\webjars\bowergithub\polymerelements\iron-overlay-behavior\2.3.4\iron-overlay-behavior-2.3.4.jar;C:\Users\HryhorykY\.m2\repository\org\webjars\bowergithub\polymerelements\iron-fit-behavior\2.2.1\iron-fit-behavior-2.2.1.jar;C:\Users\HryhorykY\.m2\repository\com\vaadin\vaadin-custom-field-flow\2.0.2\vaadin-custom-field-flow-2.0.2.jar;C:\Users\HryhorykY\.m2\repository\org\webjars\bowergithub\vaadin\vaadin-custom-field\1.0.1\vaadin-custom-field-1.0.1.jar;C:\Users\HryhorykY\.m2\repository\com\vaadin\vaadin-date-picker-flow\1.3.0\vaadin-date-picker-flow-1.3.0.jar;C:\Users\HryhorykY\.m2\repository\org\webjars\bowergithub\vaadin\vaadin-date-picker\3.3.3\vaadin-date-picker-3.3.3.jar;C:\Users\HryhorykY\.m2\repository\org\webjars\bowergithub\polymerelements\iron-media-query\2.1.0\iron-media-query-2.1.0.jar;C:\Users\HryhorykY\.m2\repository\com\vaadin\vaadin-details-flow\1.0.1\vaadin-details-flow-1.0.1.jar;C:\Users\HryhorykY\.m2\repository\com\vaadin\vaadin-time-picker-flow\1.1.1\vaadin-time-picker-flow-1.1.1.jar;C:\Users\HryhorykY\.m2\repository\org\webjars\bowergithub\vaadin\vaadin-time-picker\1.2.1\vaadin-time-picker-1.2.1.jar;C:\Users\HryhorykY\.m2\repository\com\vaadin\vaadin-select-flow\1.0.0\vaadin-select-flow-1.0.0.jar;C:\Users\HryhorykY\.m2\repository\org\webjars\bowergithub\vaadin\vaadin-select\2.0.4\vaadin-select-2.0.4.jar;C:\Users\HryhorykY\.m2\repository\org\webjars\bowergithub\vaadin\vaadin-list-box\1.1.0\vaadin-list-box-1.1.0.jar;C:\Users\HryhorykY\.m2\repository\org\webjars\bowergithub\vaadin\vaadin-list-mixin\2.1.2\vaadin-list-mixin-2.1.2.jar;C:\Users\HryhorykY\.m2\repository\com\vaadin\vaadin-dialog-flow\1.3.0\vaadin-dialog-flow-1.3.0.jar;C:\Users\HryhorykY\.m2\repository\org\webjars\bowergithub\vaadin\vaadin-dialog\2.2.1\vaadin-dialog-2.2.1.jar;C:\Users\HryhorykY\.m2\repository\com\vaadin\vaadin-form-layout-flow\1.3.1\vaadin-form-layout-flow-1.3.1.jar;C:\Users\HryhorykY\.m2\repository\org\webjars\bowergithub\vaadin\vaadin-form-layout\2.1.2\vaadin-form-layout-2.1.2.jar;C:\Users\HryhorykY\.m2\repository\com\vaadin\vaadin-grid-flow\3.0.3\vaadin-grid-flow-3.0.3.jar;C:\Users\HryhorykY\.m2\repository\org\webjars\bowergithub\vaadin\vaadin-grid\5.3.3\vaadin-grid-5.3.3.jar;C:\Users\HryhorykY\.m2\repository\org\apache\commons\commons-lang3\3.9\commons-lang3-3.9.jar;C:\Users\HryhorykY\.m2\repository\com\vaadin\vaadin-icons-flow\1.3.1\vaadin-icons-flow-1.3.1.jar;C:\Users\HryhorykY\.m2\repository\org\webjars\bowergithub\vaadin\vaadin-icons\4.2.2\vaadin-icons-4.2.2.jar;C:\Users\HryhorykY\.m2\repository\com\vaadin\vaadin-iron-list-flow\1.3.0\vaadin-iron-list-flow-1.3.0.jar;C:\Users\HryhorykY\.m2\repository\com\vaadin\vaadin-list-box-flow\1.3.0\vaadin-list-box-flow-1.3.0.jar;C:\Users\HryhorykY\.m2\repository\com\vaadin\vaadin-login-flow\1.0.0\vaadin-login-flow-1.0.0.jar;C:\Users\HryhorykY\.m2\repository\org\webjars\bowergithub\vaadin\vaadin-login\1.0.0\vaadin-login-1.0.0.jar;C:\Users\HryhorykY\.m2\repository\com\vaadin\vaadin-ordered-layout-flow\1.3.0\vaadin-ordered-layout-flow-1.3.0.jar;C:\Users\HryhorykY\.m2\repository\org\webjars\bowergithub\vaadin\vaadin-ordered-layout\1.1.0\vaadin-ordered-layout-1.1.0.jar;C:\Users\HryhorykY\.m2\repository\com\vaadin\vaadin-progress-bar-flow\1.3.0\vaadin-progress-bar-flow-1.3.0.jar;C:\Users\HryhorykY\.m2\repository\org\webjars\bowergithub\vaadin\vaadin-progress-bar\1.1.0\vaadin-progress-bar-1.1.0.jar;C:\Users\HryhorykY\.m2\repository\com\vaadin\vaadin-radio-button-flow\1.3.1\vaadin-radio-button-flow-1.3.1.jar;C:\Users\HryhorykY\.m2\repository\org\webjars\bowergithub\vaadin\vaadin-radio-button\1.1.5\vaadin-radio-button-1.1.5.jar;C:\Users\HryhorykY\.m2\repository\com\vaadin\vaadin-split-layout-flow\1.3.1\vaadin-split-layout-flow-1.3.1.jar;C:\Users\HryhorykY\.m2\repository\org\webjars\bowergithub\vaadin\vaadin-split-layout\4.1.0\vaadin-split-layout-4.1.0.jar;C:\Users\HryhorykY\.m2\repository\com\vaadin\vaadin-tabs-flow\1.3.0\vaadin-tabs-flow-1.3.0.jar;C:\Users\HryhorykY\.m2\repository\org\webjars\bowergithub\vaadin\vaadin-tabs\2.1.2\vaadin-tabs-2.1.2.jar;C:\Users\HryhorykY\.m2\repository\com\vaadin\vaadin-text-field-flow\1.3.0\vaadin-text-field-flow-1.3.0.jar;C:\Users\HryhorykY\.m2\repository\com\vaadin\vaadin-upload-flow\1.3.0\vaadin-upload-flow-1.3.0.jar;C:\Users\HryhorykY\.m2\repository\org\webjars\bowergithub\vaadin\vaadin-upload\4.2.1\vaadin-upload-4.2.1.jar;C:\Users\HryhorykY\.m2\repository\com\vaadin\vaadin-notification-flow\1.3.0\vaadin-notification-flow-1.3.0.jar;C:\Users\HryhorykY\.m2\repository\org\webjars\bowergithub\vaadin\vaadin-notification\1.2.1\vaadin-notification-1.2.1.jar;C:\Users\HryhorykY\.m2\repository\com\vaadin\vaadin-app-layout-flow\1.1.1\vaadin-app-layout-flow-1.1.1.jar;C:\Users\HryhorykY\.m2\repository\org\webjars\bowergithub\vaadin\vaadin-app-layout\1.0.2\vaadin-app-layout-1.0.2.jar;C:\Users\HryhorykY\.m2\repository\com\vaadin\vaadin-context-menu-flow\2.0.1\vaadin-context-menu-flow-2.0.1.jar;C:\Users\HryhorykY\.m2\repository\org\webjars\bowergithub\vaadin\vaadin-context-menu\4.3.2\vaadin-context-menu-4.3.2.jar;C:\Users\HryhorykY\.m2\repository\org\springframework\boot\spring-boot-starter-web\2.2.1.RELEASE\spring-boot-starter-web-2.2.1.RELEASE.jar;C:\Users\HryhorykY\.m2\repository\org\springframework\boot\spring-boot-starter-json\2.2.1.RELEASE\spring-boot-starter-json-2.2.1.RELEASE.jar;C:\Users\HryhorykY\.m2\repository\com\fasterxml\jackson\core\jackson-databind\2.10.0\jackson-databind-2.10.0.jar;C:\Users\HryhorykY\.m2\repository\com\fasterxml\jackson\core\jackson-annotations\2.10.0\jackson-annotations-2.10.0.jar;C:\Users\HryhorykY\.m2\repository\com\fasterxml\jackson\core\jackson-core\2.10.0\jackson-core-2.10.0.jar;C:\Users\HryhorykY\.m2\repository\com\fasterxml\jackson\datatype\jackson-datatype-jdk8\2.10.0\jackson-datatype-jdk8-2.10.0.jar;C:\Users\HryhorykY\.m2\repository\com\fasterxml\jackson\datatype\jackson-datatype-jsr310\2.10.0\jackson-datatype-jsr310-2.10.0.jar;C:\Users\HryhorykY\.m2\repository\com\fasterxml\jackson\module\jackson-module-parameter-names\2.10.0\jackson-module-parameter-names-2.10.0.jar;C:\Users\HryhorykY\.m2\repository\org\springframework\boot\spring-boot-starter-tomcat\2.2.1.RELEASE\spring-boot-starter-tomcat-2.2.1.RELEASE.jar;C:\Users\HryhorykY\.m2\repository\org\apache\tomcat\embed\tomcat-embed-core\9.0.27\tomcat-embed-core-9.0.27.jar;C:\Users\HryhorykY\.m2\repository\org\apache\tomcat\embed\tomcat-embed-el\9.0.27\tomcat-embed-el-9.0.27.jar;C:\Users\HryhorykY\.m2\repository\org\apache\tomcat\embed\tomcat-embed-websocket\9.0.27\tomcat-embed-websocket-9.0.27.jar;C:\Users\HryhorykY\.m2\repository\org\springframework\boot\spring-boot-starter-validation\2.2.1.RELEASE\spring-boot-starter-validation-2.2.1.RELEASE.jar;C:\Users\HryhorykY\.m2\repository\jakarta\validation\jakarta.validation-api\2.0.1\jakarta.validation-api-2.0.1.jar;C:\Users\HryhorykY\.m2\repository\org\hibernate\validator\hibernate-validator\6.0.18.Final\hibernate-validator-6.0.18.Final.jar;C:\Users\HryhorykY\.m2\repository\org\jboss\logging\jboss-logging\3.4.1.Final\jboss-logging-3.4.1.Final.jar;C:\Users\HryhorykY\.m2\repository\com\fasterxml\classmate\1.5.1\classmate-1.5.1.jar;C:\Users\HryhorykY\.m2\repository\org\springframework\spring-web\5.2.1.RELEASE\spring-web-5.2.1.RELEASE.jar;C:\Users\HryhorykY\.m2\repository\org\projectlombok\lombok\1.18.10\lombok-1.18.10.jar;C:\Users\HryhorykY\.m2\repository\org\springframework\boot\spring-boot-starter-test\2.2.1.RELEASE\spring-boot-starter-test-2.2.1.RELEASE.jar;C:\Users\HryhorykY\.m2\repository\org\springframework\boot\spring-boot-starter\2.2.1.RELEASE\spring-boot-starter-2.2.1.RELEASE.jar;C:\Users\HryhorykY\.m2\repository\org\springframework\boot\spring-boot-starter-logging\2.2.1.RELEASE\spring-boot-starter-logging-2.2.1.RELEASE.jar;C:\Users\HryhorykY\.m2\repository\ch\qos\logback\logback-classic\1.2.3\logback-classic-1.2.3.jar;C:\Users\HryhorykY\.m2\repository\ch\qos\logback\logback-core\1.2.3\logback-core-1.2.3.jar;C:\Users\HryhorykY\.m2\repository\org\apache\logging\log4j\log4j-to-slf4j\2.12.1\log4j-to-slf4j-2.12.1.jar;C:\Users\HryhorykY\.m2\repository\org\apache\logging\log4j\log4j-api\2.12.1\log4j-api-2.12.1.jar;C:\Users\HryhorykY\.m2\repository\org\slf4j\jul-to-slf4j\1.7.29\jul-to-slf4j-1.7.29.jar;C:\Users\HryhorykY\.m2\repository\jakarta\annotation\jakarta.annotation-api\1.3.5\jakarta.annotation-api-1.3.5.jar;C:\Users\HryhorykY\.m2\repository\org\yaml\snakeyaml\1.25\snakeyaml-1.25.jar;C:\Users\HryhorykY\.m2\repository\org\springframework\boot\spring-boot-test\2.2.1.RELEASE\spring-boot-test-2.2.1.RELEASE.jar;C:\Users\HryhorykY\.m2\repository\org\springframework\boot\spring-boot-test-autoconfigure\2.2.1.RELEASE\spring-boot-test-autoconfigure-2.2.1.RELEASE.jar;C:\Users\HryhorykY\.m2\repository\com\jayway\jsonpath\json-path\2.4.0\json-path-2.4.0.jar;C:\Users\HryhorykY\.m2\repository\net\minidev\json-smart\2.3\json-smart-2.3.jar;C:\Users\HryhorykY\.m2\repository\net\minidev\accessors-smart\1.2\accessors-smart-1.2.jar;C:\Users\HryhorykY\.m2\repository\org\ow2\asm\asm\5.0.4\asm-5.0.4.jar;C:\Users\HryhorykY\.m2\repository\org\slf4j\slf4j-api\1.7.29\slf4j-api-1.7.29.jar;C:\Users\HryhorykY\.m2\repository\jakarta\xml\bind\jakarta.xml.bind-api\2.3.2\jakarta.xml.bind-api-2.3.2.jar;C:\Users\HryhorykY\.m2\repository\jakarta\activation\jakarta.activation-api\1.2.1\jakarta.activation-api-1.2.1.jar;C:\Users\HryhorykY\.m2\repository\org\junit\jupiter\junit-jupiter\5.5.2\junit-jupiter-5.5.2.jar;C:\Users\HryhorykY\.m2\repository\org\junit\jupiter\junit-jupiter-api\5.5.2\junit-jupiter-api-5.5.2.jar;C:\Users\HryhorykY\.m2\repository\org\apiguardian\apiguardian-api\1.1.0\apiguardian-api-1.1.0.jar;C:\Users\HryhorykY\.m2\repository\org\opentest4j\opentest4j\1.2.0\opentest4j-1.2.0.jar;C:\Users\HryhorykY\.m2\repository\org\junit\platform\junit-platform-commons\1.5.2\junit-platform-commons-1.5.2.jar;C:\Users\HryhorykY\.m2\repository\org\junit\jupiter\junit-jupiter-params\5.5.2\junit-jupiter-params-5.5.2.jar;C:\Users\HryhorykY\.m2\repository\org\junit\jupiter\junit-jupiter-engine\5.5.2\junit-jupiter-engine-5.5.2.jar;C:\Users\HryhorykY\.m2\repository\org\junit\platform\junit-platform-engine\1.5.2\junit-platform-engine-1.5.2.jar;C:\Users\HryhorykY\.m2\repository\org\mockito\mockito-junit-jupiter\3.1.0\mockito-junit-jupiter-3.1.0.jar;C:\Users\HryhorykY\.m2\repository\org\assertj\assertj-core\3.13.2\assertj-core-3.13.2.jar;C:\Users\HryhorykY\.m2\repository\org\hamcrest\hamcrest\2.1\hamcrest-2.1.jar;C:\Users\HryhorykY\.m2\repository\org\mockito\mockito-core\3.1.0\mockito-core-3.1.0.jar;C:\Users\HryhorykY\.m2\repository\net\bytebuddy\byte-buddy\1.10.2\byte-buddy-1.10.2.jar;C:\Users\HryhorykY\.m2\repository\net\bytebuddy\byte-buddy-agent\1.10.2\byte-buddy-agent-1.10.2.jar;C:\Users\HryhorykY\.m2\repository\org\objenesis\objenesis\2.6\objenesis-2.6.jar;C:\Users\HryhorykY\.m2\repository\org\skyscreamer\jsonassert\1.5.0\jsonassert-1.5.0.jar;C:\Users\HryhorykY\.m2\repository\com\vaadin\external\google\android-json\0.0.20131108.vaadin1\android-json-0.0.20131108.vaadin1.jar;C:\Users\HryhorykY\.m2\repository\org\springframework\spring-core\5.2.1.RELEASE\spring-core-5.2.1.RELEASE.jar;C:\Users\HryhorykY\.m2\repository\org\springframework\spring-jcl\5.2.1.RELEASE\spring-jcl-5.2.1.RELEASE.jar;C:\Users\HryhorykY\.m2\repository\org\springframework\spring-test\5.2.1.RELEASE\spring-test-5.2.1.RELEASE.jar;C:\Users\HryhorykY\.m2\repository\org\xmlunit\xmlunit-core\2.6.3\xmlunit-core-2.6.3.jar;C:\Users\HryhorykY\.m2\repository\org\springframework\boot\spring-boot-autoconfigure\2.2.1.RELEASE\spring-boot-autoconfigure-2.2.1.RELEASE.jar;C:\Users\HryhorykY\.m2\repository\org\springframework\boot\spring-boot\2.2.1.RELEASE\spring-boot-2.2.1.RELEASE.jar;C:\Users\HryhorykY\.m2\repository\org\springframework\spring-context\5.2.1.RELEASE\spring-context-5.2.1.RELEASE.jar;"/>
    <property name="java.vm.vendor" value="Oracle Corporation"/>
    <property name="sun.arch.data.model" value="64"/>
    <property name="user.variant" value=""/>
    <property name="java.vendor.url" value="http://java.oracle.com/"/>
    <property name="user.timezone" value="Europe/Minsk"/>
    <property name="java.vm.specification.version" value="1.8"/>
    <property name="os.name" value="Windows 10"/>
    <property name="user.country" value="US"/>
    <property name="sun.java.launcher" value="SUN_STANDARD"/>
    <property name="sun.boot.library.path" value="C:\Program Files\Java\jdk1.8.0_211\jre\bin"/>
    <property name="sun.java.command" value="C:\Users\HRYHOR~1\AppData\Local\Temp\surefire7391860335957096742\surefirebooter8869555644886353506.jar C:\Users\HryhorykY\AppData\Local\Temp\surefire7391860335957096742 2020-04-08T16-16-25_379-jvmRun1 surefire47332603066119987tmp surefire_05273865339840392782tmp"/>
    <property name="surefire.test.class.path" value="D:\GIT-DOCKER-NEXUS-MAVEN\1 - original\docker\conver\target\test-classes;D:\GIT-DOCKER-NEXUS-MAVEN\1 - original\docker\conver\target\classes;C:\Users\HryhorykY\.m2\repository\com\vaadin\vaadin-spring-boot-starter\13.0.3\vaadin-spring-boot-starter-13.0.3.jar;C:\Users\HryhorykY\.m2\repository\com\vaadin\vaadin-spring\11.0.0\vaadin-spring-11.0.0.jar;C:\Users\HryhorykY\.m2\repository\com\vaadin\flow-server\1.4.3\flow-server-1.4.3.jar;C:\Users\HryhorykY\.m2\repository\com\vaadin\external\gwt\gwt-elemental\2.8.2.vaadin2\gwt-elemental-2.8.2.vaadin2.jar;C:\Users\HryhorykY\.m2\repository\commons-fileupload\commons-fileupload\1.3.3\commons-fileupload-1.3.3.jar;C:\Users\HryhorykY\.m2\repository\commons-io\commons-io\2.5\commons-io-2.5.jar;C:\Users\HryhorykY\.m2\repository\org\jsoup\jsoup\1.11.2\jsoup-1.11.2.jar;C:\Users\HryhorykY\.m2\repository\com\helger\ph-css\6.1.1\ph-css-6.1.1.jar;C:\Users\HryhorykY\.m2\repository\com\helger\ph-commons\9.1.2\ph-commons-9.1.2.jar;C:\Users\HryhorykY\.m2\repository\com\google\code\findbugs\jsr305\3.0.2\jsr305-3.0.2.jar;C:\Users\HryhorykY\.m2\repository\com\vaadin\external\gentyref\1.2.0.vaadin1\gentyref-1.2.0.vaadin1.jar;C:\Users\HryhorykY\.m2\repository\com\vaadin\flow-push\1.4.3\flow-push-1.4.3.jar;C:\Users\HryhorykY\.m2\repository\com\vaadin\external\atmosphere\atmosphere-runtime\2.4.30.vaadin1\atmosphere-runtime-2.4.30.vaadin1.jar;C:\Users\HryhorykY\.m2\repository\com\vaadin\external\slf4j\vaadin-slf4j-jdk14\1.6.1\vaadin-slf4j-jdk14-1.6.1.jar;C:\Users\HryhorykY\.m2\repository\com\vaadin\flow-client\1.4.3\flow-client-1.4.3.jar;C:\Users\HryhorykY\.m2\repository\org\springframework\spring-webmvc\5.2.1.RELEASE\spring-webmvc-5.2.1.RELEASE.jar;C:\Users\HryhorykY\.m2\repository\org\springframework\spring-aop\5.2.1.RELEASE\spring-aop-5.2.1.RELEASE.jar;C:\Users\HryhorykY\.m2\repository\org\springframework\spring-beans\5.2.1.RELEASE\spring-beans-5.2.1.RELEASE.jar;C:\Users\HryhorykY\.m2\repository\org\springframework\spring-expression\5.2.1.RELEASE\spring-expression-5.2.1.RELEASE.jar;C:\Users\HryhorykY\.m2\repository\org\springframework\spring-websocket\5.2.1.RELEASE\spring-websocket-5.2.1.RELEASE.jar;C:\Users\HryhorykY\.m2\repository\com\vaadin\vaadin-core\13.0.3\vaadin-core-13.0.3.jar;C:\Users\HryhorykY\.m2\repository\com\vaadin\flow-html-components\1.4.3\flow-html-components-1.4.3.jar;C:\Users\HryhorykY\.m2\repository\com\vaadin\flow-data\1.4.3\flow-data-1.4.3.jar;C:\Users\HryhorykY\.m2\repository\javax\validation\validation-api\2.0.1.Final\validation-api-2.0.1.Final.jar;C:\Users\HryhorykY\.m2\repository\com\vaadin\vaadin-lumo-theme\1.4.3\vaadin-lumo-theme-1.4.3.jar;C:\Users\HryhorykY\.m2\repository\org\webjars\bowergithub\vaadin\vaadin-lumo-styles\1.4.2\vaadin-lumo-styles-1.4.2.jar;C:\Users\HryhorykY\.m2\repository\org\webjars\bowergithub\polymerelements\iron-icon\2.1.0\iron-icon-2.1.0.jar;C:\Users\HryhorykY\.m2\repository\org\webjars\bowergithub\polymerelements\iron-meta\2.1.1\iron-meta-2.1.1.jar;C:\Users\HryhorykY\.m2\repository\org\webjars\bowergithub\polymerelements\iron-iconset-svg\2.2.1\iron-iconset-svg-2.2.1.jar;C:\Users\HryhorykY\.m2\repository\org\webjars\bowergithub\polymerelements\iron-flex-layout\2.0.3\iron-flex-layout-2.0.3.jar;C:\Users\HryhorykY\.m2\repository\org\webjars\bowergithub\polymer\polymer\2.7.0\polymer-2.7.0.jar;C:\Users\HryhorykY\.m2\repository\org\webjars\bowergithub\webcomponents\webcomponentsjs\1.2.6\webcomponentsjs-1.2.6.jar;C:\Users\HryhorykY\.m2\repository\org\webjars\bowergithub\webcomponents\shadycss\1.8.0\shadycss-1.8.0.jar;C:\Users\HryhorykY\.m2\repository\com\vaadin\vaadin-material-theme\1.4.3\vaadin-material-theme-1.4.3.jar;C:\Users\HryhorykY\.m2\repository\org\webjars\bowergithub\vaadin\vaadin-material-styles\1.2.2\vaadin-material-styles-1.2.2.jar;C:\Users\HryhorykY\.m2\repository\com\vaadin\vaadin-accordion-flow\1.0.3\vaadin-accordion-flow-1.0.3.jar;C:\Users\HryhorykY\.m2\repository\org\webjars\bowergithub\vaadin\vaadin-accordion\1.0.0\vaadin-accordion-1.0.0.jar;C:\Users\HryhorykY\.m2\repository\org\webjars\bowergithub\vaadin\vaadin-details\1.0.1\vaadin-details-1.0.1.jar;C:\Users\HryhorykY\.m2\repository\org\webjars\bowergithub\vaadin\vaadin-themable-mixin\1.4.4\vaadin-themable-mixin-1.4.4.jar;C:\Users\HryhorykY\.m2\repository\org\webjars\bowergithub\vaadin\vaadin-element-mixin\2.1.3\vaadin-element-mixin-2.1.3.jar;C:\Users\HryhorykY\.m2\repository\org\webjars\bowergithub\vaadin\vaadin-usage-statistics\2.0.2\vaadin-usage-statistics-2.0.2.jar;C:\Users\HryhorykY\.m2\repository\org\webjars\bowergithub\vaadin\vaadin-development-mode-detector\2.0.0\vaadin-development-mode-detector-2.0.0.jar;C:\Users\HryhorykY\.m2\repository\com\vaadin\vaadin-button-flow\1.3.2\vaadin-button-flow-1.3.2.jar;C:\Users\HryhorykY\.m2\repository\org\webjars\bowergithub\vaadin\vaadin-button\2.1.4\vaadin-button-2.1.4.jar;C:\Users\HryhorykY\.m2\repository\org\webjars\bowergithub\vaadin\vaadin-control-state-mixin\2.1.3\vaadin-control-state-mixin-2.1.3.jar;C:\Users\HryhorykY\.m2\repository\com\vaadin\vaadin-checkbox-flow\1.3.1\vaadin-checkbox-flow-1.3.1.jar;C:\Users\HryhorykY\.m2\repository\org\webjars\bowergithub\vaadin\vaadin-checkbox\2.2.7\vaadin-checkbox-2.2.7.jar;C:\Users\HryhorykY\.m2\repository\com\vaadin\vaadin-combo-box-flow\2.1.3\vaadin-combo-box-flow-2.1.3.jar;C:\Users\HryhorykY\.m2\repository\org\webjars\bowergithub\vaadin\vaadin-combo-box\4.2.8\vaadin-combo-box-4.2.8.jar;C:\Users\HryhorykY\.m2\repository\org\webjars\bowergithub\vaadin\vaadin-text-field\2.3.5\vaadin-text-field-2.3.5.jar;C:\Users\HryhorykY\.m2\repository\org\webjars\bowergithub\polymerelements\iron-resizable-behavior\2.1.1\iron-resizable-behavior-2.1.1.jar;C:\Users\HryhorykY\.m2\repository\org\webjars\bowergithub\polymerelements\iron-a11y-announcer\2.1.0\iron-a11y-announcer-2.1.0.jar;C:\Users\HryhorykY\.m2\repository\org\webjars\bowergithub\polymerelements\iron-list\2.0.19\iron-list-2.0.19.jar;C:\Users\HryhorykY\.m2\repository\org\webjars\bowergithub\polymerelements\iron-scroll-target-behavior\2.1.1\iron-scroll-target-behavior-2.1.1.jar;C:\Users\HryhorykY\.m2\repository\org\webjars\bowergithub\polymerelements\iron-a11y-keys-behavior\2.1.1\iron-a11y-keys-behavior-2.1.1.jar;C:\Users\HryhorykY\.m2\repository\org\webjars\bowergithub\vaadin\vaadin-item\2.1.0\vaadin-item-2.1.0.jar;C:\Users\HryhorykY\.m2\repository\org\webjars\bowergithub\vaadin\vaadin-overlay\3.2.11\vaadin-overlay-3.2.11.jar;C:\Users\HryhorykY\.m2\repository\org\webjars\bowergithub\polymerelements\iron-overlay-behavior\2.3.4\iron-overlay-behavior-2.3.4.jar;C:\Users\HryhorykY\.m2\repository\org\webjars\bowergithub\polymerelements\iron-fit-behavior\2.2.1\iron-fit-behavior-2.2.1.jar;C:\Users\HryhorykY\.m2\repository\com\vaadin\vaadin-custom-field-flow\2.0.2\vaadin-custom-field-flow-2.0.2.jar;C:\Users\HryhorykY\.m2\repository\org\webjars\bowergithub\vaadin\vaadin-custom-field\1.0.1\vaadin-custom-field-1.0.1.jar;C:\Users\HryhorykY\.m2\repository\com\vaadin\vaadin-date-picker-flow\1.3.0\vaadin-date-picker-flow-1.3.0.jar;C:\Users\HryhorykY\.m2\repository\org\webjars\bowergithub\vaadin\vaadin-date-picker\3.3.3\vaadin-date-picker-3.3.3.jar;C:\Users\HryhorykY\.m2\repository\org\webjars\bowergithub\polymerelements\iron-media-query\2.1.0\iron-media-query-2.1.0.jar;C:\Users\HryhorykY\.m2\repository\com\vaadin\vaadin-details-flow\1.0.1\vaadin-details-flow-1.0.1.jar;C:\Users\HryhorykY\.m2\repository\com\vaadin\vaadin-time-picker-flow\1.1.1\vaadin-time-picker-flow-1.1.1.jar;C:\Users\HryhorykY\.m2\repository\org\webjars\bowergithub\vaadin\vaadin-time-picker\1.2.1\vaadin-time-picker-1.2.1.jar;C:\Users\HryhorykY\.m2\repository\com\vaadin\vaadin-select-flow\1.0.0\vaadin-select-flow-1.0.0.jar;C:\Users\HryhorykY\.m2\repository\org\webjars\bowergithub\vaadin\vaadin-select\2.0.4\vaadin-select-2.0.4.jar;C:\Users\HryhorykY\.m2\repository\org\webjars\bowergithub\vaadin\vaadin-list-box\1.1.0\vaadin-list-box-1.1.0.jar;C:\Users\HryhorykY\.m2\repository\org\webjars\bowergithub\vaadin\vaadin-list-mixin\2.1.2\vaadin-list-mixin-2.1.2.jar;C:\Users\HryhorykY\.m2\repository\com\vaadin\vaadin-dialog-flow\1.3.0\vaadin-dialog-flow-1.3.0.jar;C:\Users\HryhorykY\.m2\repository\org\webjars\bowergithub\vaadin\vaadin-dialog\2.2.1\vaadin-dialog-2.2.1.jar;C:\Users\HryhorykY\.m2\repository\com\vaadin\vaadin-form-layout-flow\1.3.1\vaadin-form-layout-flow-1.3.1.jar;C:\Users\HryhorykY\.m2\repository\org\webjars\bowergithub\vaadin\vaadin-form-layout\2.1.2\vaadin-form-layout-2.1.2.jar;C:\Users\HryhorykY\.m2\repository\com\vaadin\vaadin-grid-flow\3.0.3\vaadin-grid-flow-3.0.3.jar;C:\Users\HryhorykY\.m2\repository\org\webjars\bowergithub\vaadin\vaadin-grid\5.3.3\vaadin-grid-5.3.3.jar;C:\Users\HryhorykY\.m2\repository\org\apache\commons\commons-lang3\3.9\commons-lang3-3.9.jar;C:\Users\HryhorykY\.m2\repository\com\vaadin\vaadin-icons-flow\1.3.1\vaadin-icons-flow-1.3.1.jar;C:\Users\HryhorykY\.m2\repository\org\webjars\bowergithub\vaadin\vaadin-icons\4.2.2\vaadin-icons-4.2.2.jar;C:\Users\HryhorykY\.m2\repository\com\vaadin\vaadin-iron-list-flow\1.3.0\vaadin-iron-list-flow-1.3.0.jar;C:\Users\HryhorykY\.m2\repository\com\vaadin\vaadin-list-box-flow\1.3.0\vaadin-list-box-flow-1.3.0.jar;C:\Users\HryhorykY\.m2\repository\com\vaadin\vaadin-login-flow\1.0.0\vaadin-login-flow-1.0.0.jar;C:\Users\HryhorykY\.m2\repository\org\webjars\bowergithub\vaadin\vaadin-login\1.0.0\vaadin-login-1.0.0.jar;C:\Users\HryhorykY\.m2\repository\com\vaadin\vaadin-ordered-layout-flow\1.3.0\vaadin-ordered-layout-flow-1.3.0.jar;C:\Users\HryhorykY\.m2\repository\org\webjars\bowergithub\vaadin\vaadin-ordered-layout\1.1.0\vaadin-ordered-layout-1.1.0.jar;C:\Users\HryhorykY\.m2\repository\com\vaadin\vaadin-progress-bar-flow\1.3.0\vaadin-progress-bar-flow-1.3.0.jar;C:\Users\HryhorykY\.m2\repository\org\webjars\bowergithub\vaadin\vaadin-progress-bar\1.1.0\vaadin-progress-bar-1.1.0.jar;C:\Users\HryhorykY\.m2\repository\com\vaadin\vaadin-radio-button-flow\1.3.1\vaadin-radio-button-flow-1.3.1.jar;C:\Users\HryhorykY\.m2\repository\org\webjars\bowergithub\vaadin\vaadin-radio-button\1.1.5\vaadin-radio-button-1.1.5.jar;C:\Users\HryhorykY\.m2\repository\com\vaadin\vaadin-split-layout-flow\1.3.1\vaadin-split-layout-flow-1.3.1.jar;C:\Users\HryhorykY\.m2\repository\org\webjars\bowergithub\vaadin\vaadin-split-layout\4.1.0\vaadin-split-layout-4.1.0.jar;C:\Users\HryhorykY\.m2\repository\com\vaadin\vaadin-tabs-flow\1.3.0\vaadin-tabs-flow-1.3.0.jar;C:\Users\HryhorykY\.m2\repository\org\webjars\bowergithub\vaadin\vaadin-tabs\2.1.2\vaadin-tabs-2.1.2.jar;C:\Users\HryhorykY\.m2\repository\com\vaadin\vaadin-text-field-flow\1.3.0\vaadin-text-field-flow-1.3.0.jar;C:\Users\HryhorykY\.m2\repository\com\vaadin\vaadin-upload-flow\1.3.0\vaadin-upload-flow-1.3.0.jar;C:\Users\HryhorykY\.m2\repository\org\webjars\bowergithub\vaadin\vaadin-upload\4.2.1\vaadin-upload-4.2.1.jar;C:\Users\HryhorykY\.m2\repository\com\vaadin\vaadin-notification-flow\1.3.0\vaadin-notification-flow-1.3.0.jar;C:\Users\HryhorykY\.m2\repository\org\webjars\bowergithub\vaadin\vaadin-notification\1.2.1\vaadin-notification-1.2.1.jar;C:\Users\HryhorykY\.m2\repository\com\vaadin\vaadin-app-layout-flow\1.1.1\vaadin-app-layout-flow-1.1.1.jar;C:\Users\HryhorykY\.m2\repository\org\webjars\bowergithub\vaadin\vaadin-app-layout\1.0.2\vaadin-app-layout-1.0.2.jar;C:\Users\HryhorykY\.m2\repository\com\vaadin\vaadin-context-menu-flow\2.0.1\vaadin-context-menu-flow-2.0.1.jar;C:\Users\HryhorykY\.m2\repository\org\webjars\bowergithub\vaadin\vaadin-context-menu\4.3.2\vaadin-context-menu-4.3.2.jar;C:\Users\HryhorykY\.m2\repository\org\springframework\boot\spring-boot-starter-web\2.2.1.RELEASE\spring-boot-starter-web-2.2.1.RELEASE.jar;C:\Users\HryhorykY\.m2\repository\org\springframework\boot\spring-boot-starter-json\2.2.1.RELEASE\spring-boot-starter-json-2.2.1.RELEASE.jar;C:\Users\HryhorykY\.m2\repository\com\fasterxml\jackson\core\jackson-databind\2.10.0\jackson-databind-2.10.0.jar;C:\Users\HryhorykY\.m2\repository\com\fasterxml\jackson\core\jackson-annotations\2.10.0\jackson-annotations-2.10.0.jar;C:\Users\HryhorykY\.m2\repository\com\fasterxml\jackson\core\jackson-core\2.10.0\jackson-core-2.10.0.jar;C:\Users\HryhorykY\.m2\repository\com\fasterxml\jackson\datatype\jackson-datatype-jdk8\2.10.0\jackson-datatype-jdk8-2.10.0.jar;C:\Users\HryhorykY\.m2\repository\com\fasterxml\jackson\datatype\jackson-datatype-jsr310\2.10.0\jackson-datatype-jsr310-2.10.0.jar;C:\Users\HryhorykY\.m2\repository\com\fasterxml\jackson\module\jackson-module-parameter-names\2.10.0\jackson-module-parameter-names-2.10.0.jar;C:\Users\HryhorykY\.m2\repository\org\springframework\boot\spring-boot-starter-tomcat\2.2.1.RELEASE\spring-boot-starter-tomcat-2.2.1.RELEASE.jar;C:\Users\HryhorykY\.m2\repository\org\apache\tomcat\embed\tomcat-embed-core\9.0.27\tomcat-embed-core-9.0.27.jar;C:\Users\HryhorykY\.m2\repository\org\apache\tomcat\embed\tomcat-embed-el\9.0.27\tomcat-embed-el-9.0.27.jar;C:\Users\HryhorykY\.m2\repository\org\apache\tomcat\embed\tomcat-embed-websocket\9.0.27\tomcat-embed-websocket-9.0.27.jar;C:\Users\HryhorykY\.m2\repository\org\springframework\boot\spring-boot-starter-validation\2.2.1.RELEASE\spring-boot-starter-validation-2.2.1.RELEASE.jar;C:\Users\HryhorykY\.m2\repository\jakarta\validation\jakarta.validation-api\2.0.1\jakarta.validation-api-2.0.1.jar;C:\Users\HryhorykY\.m2\repository\org\hibernate\validator\hibernate-validator\6.0.18.Final\hibernate-validator-6.0.18.Final.jar;C:\Users\HryhorykY\.m2\repository\org\jboss\logging\jboss-logging\3.4.1.Final\jboss-logging-3.4.1.Final.jar;C:\Users\HryhorykY\.m2\repository\com\fasterxml\classmate\1.5.1\classmate-1.5.1.jar;C:\Users\HryhorykY\.m2\repository\org\springframework\spring-web\5.2.1.RELEASE\spring-web-5.2.1.RELEASE.jar;C:\Users\HryhorykY\.m2\repository\org\projectlombok\lombok\1.18.10\lombok-1.18.10.jar;C:\Users\HryhorykY\.m2\repository\org\springframework\boot\spring-boot-starter-test\2.2.1.RELEASE\spring-boot-starter-test-2.2.1.RELEASE.jar;C:\Users\HryhorykY\.m2\repository\org\springframework\boot\spring-boot-starter\2.2.1.RELEASE\spring-boot-starter-2.2.1.RELEASE.jar;C:\Users\HryhorykY\.m2\repository\org\springframework\boot\spring-boot-starter-logging\2.2.1.RELEASE\spring-boot-starter-logging-2.2.1.RELEASE.jar;C:\Users\HryhorykY\.m2\repository\ch\qos\logback\logback-classic\1.2.3\logback-classic-1.2.3.jar;C:\Users\HryhorykY\.m2\repository\ch\qos\logback\logback-core\1.2.3\logback-core-1.2.3.jar;C:\Users\HryhorykY\.m2\repository\org\apache\logging\log4j\log4j-to-slf4j\2.12.1\log4j-to-slf4j-2.12.1.jar;C:\Users\HryhorykY\.m2\repository\org\apache\logging\log4j\log4j-api\2.12.1\log4j-api-2.12.1.jar;C:\Users\HryhorykY\.m2\repository\org\slf4j\jul-to-slf4j\1.7.29\jul-to-slf4j-1.7.29.jar;C:\Users\HryhorykY\.m2\repository\jakarta\annotation\jakarta.annotation-api\1.3.5\jakarta.annotation-api-1.3.5.jar;C:\Users\HryhorykY\.m2\repository\org\yaml\snakeyaml\1.25\snakeyaml-1.25.jar;C:\Users\HryhorykY\.m2\repository\org\springframework\boot\spring-boot-test\2.2.1.RELEASE\spring-boot-test-2.2.1.RELEASE.jar;C:\Users\HryhorykY\.m2\repository\org\springframework\boot\spring-boot-test-autoconfigure\2.2.1.RELEASE\spring-boot-test-autoconfigure-2.2.1.RELEASE.jar;C:\Users\HryhorykY\.m2\repository\com\jayway\jsonpath\json-path\2.4.0\json-path-2.4.0.jar;C:\Users\HryhorykY\.m2\repository\net\minidev\json-smart\2.3\json-smart-2.3.jar;C:\Users\HryhorykY\.m2\repository\net\minidev\accessors-smart\1.2\accessors-smart-1.2.jar;C:\Users\HryhorykY\.m2\repository\org\ow2\asm\asm\5.0.4\asm-5.0.4.jar;C:\Users\HryhorykY\.m2\repository\org\slf4j\slf4j-api\1.7.29\slf4j-api-1.7.29.jar;C:\Users\HryhorykY\.m2\repository\jakarta\xml\bind\jakarta.xml.bind-api\2.3.2\jakarta.xml.bind-api-2.3.2.jar;C:\Users\HryhorykY\.m2\repository\jakarta\activation\jakarta.activation-api\1.2.1\jakarta.activation-api-1.2.1.jar;C:\Users\HryhorykY\.m2\repository\org\junit\jupiter\junit-jupiter\5.5.2\junit-jupiter-5.5.2.jar;C:\Users\HryhorykY\.m2\repository\org\junit\jupiter\junit-jupiter-api\5.5.2\junit-jupiter-api-5.5.2.jar;C:\Users\HryhorykY\.m2\repository\org\apiguardian\apiguardian-api\1.1.0\apiguardian-api-1.1.0.jar;C:\Users\HryhorykY\.m2\repository\org\opentest4j\opentest4j\1.2.0\opentest4j-1.2.0.jar;C:\Users\HryhorykY\.m2\repository\org\junit\platform\junit-platform-commons\1.5.2\junit-platform-commons-1.5.2.jar;C:\Users\HryhorykY\.m2\repository\org\junit\jupiter\junit-jupiter-params\5.5.2\junit-jupiter-params-5.5.2.jar;C:\Users\HryhorykY\.m2\repository\org\junit\jupiter\junit-jupiter-engine\5.5.2\junit-jupiter-engine-5.5.2.jar;C:\Users\HryhorykY\.m2\repository\org\junit\platform\junit-platform-engine\1.5.2\junit-platform-engine-1.5.2.jar;C:\Users\HryhorykY\.m2\repository\org\mockito\mockito-junit-jupiter\3.1.0\mockito-junit-jupiter-3.1.0.jar;C:\Users\HryhorykY\.m2\repository\org\assertj\assertj-core\3.13.2\assertj-core-3.13.2.jar;C:\Users\HryhorykY\.m2\repository\org\hamcrest\hamcrest\2.1\hamcrest-2.1.jar;C:\Users\HryhorykY\.m2\repository\org\mockito\mockito-core\3.1.0\mockito-core-3.1.0.jar;C:\Users\HryhorykY\.m2\repository\net\bytebuddy\byte-buddy\1.10.2\byte-buddy-1.10.2.jar;C:\Users\HryhorykY\.m2\repository\net\bytebuddy\byte-buddy-agent\1.10.2\byte-buddy-agent-1.10.2.jar;C:\Users\HryhorykY\.m2\repository\org\objenesis\objenesis\2.6\objenesis-2.6.jar;C:\Users\HryhorykY\.m2\repository\org\skyscreamer\jsonassert\1.5.0\jsonassert-1.5.0.jar;C:\Users\HryhorykY\.m2\repository\com\vaadin\external\google\android-json\0.0.20131108.vaadin1\android-json-0.0.20131108.vaadin1.jar;C:\Users\HryhorykY\.m2\repository\org\springframework\spring-core\5.2.1.RELEASE\spring-core-5.2.1.RELEASE.jar;C:\Users\HryhorykY\.m2\repository\org\springframework\spring-jcl\5.2.1.RELEASE\spring-jcl-5.2.1.RELEASE.jar;C:\Users\HryhorykY\.m2\repository\org\springframework\spring-test\5.2.1.RELEASE\spring-test-5.2.1.RELEASE.jar;C:\Users\HryhorykY\.m2\repository\org\xmlunit\xmlunit-core\2.6.3\xmlunit-core-2.6.3.jar;C:\Users\HryhorykY\.m2\repository\org\springframework\boot\spring-boot-autoconfigure\2.2.1.RELEASE\spring-boot-autoconfigure-2.2.1.RELEASE.jar;C:\Users\HryhorykY\.m2\repository\org\springframework\boot\spring-boot\2.2.1.RELEASE\spring-boot-2.2.1.RELEASE.jar;C:\Users\HryhorykY\.m2\repository\org\springframework\spring-context\5.2.1.RELEASE\spring-context-5.2.1.RELEASE.jar;"/>
    <property name="sun.cpu.endian" value="little"/>
    <property name="user.home" value="C:\Users\HryhorykY"/>
    <property name="user.language" value="en"/>
    <property name="java.specification.vendor" value="Oracle Corporation"/>
    <property name="java.home" value="C:\Program Files\Java\jdk1.8.0_211\jre"/>
    <property name="basedir" value="D:\GIT-DOCKER-NEXUS-MAVEN\1 - original\docker\conver"/>
    <property name="file.separator" value="\"/>
    <property name="line.separator" value="&#10;"/>
    <property name="java.vm.specification.vendor" value="Oracle Corporation"/>
    <property name="java.specification.name" value="Java Platform API Specification"/>
    <property name="java.awt.graphicsenv" value="sun.awt.Win32GraphicsEnvironment"/>
    <property name="surefire.real.class.path" value="C:\Users\HRYHOR~1\AppData\Local\Temp\surefire7391860335957096742\surefirebooter8869555644886353506.jar"/>
    <property name="sun.boot.class.path" value="C:\Program Files\Java\jdk1.8.0_211\jre\lib\resources.jar;C:\Program Files\Java\jdk1.8.0_211\jre\lib\rt.jar;C:\Program Files\Java\jdk1.8.0_211\jre\lib\sunrsasign.jar;C:\Program Files\Java\jdk1.8.0_211\jre\lib\jsse.jar;C:\Program Files\Java\jdk1.8.0_211\jre\lib\jce.jar;C:\Program Files\Java\jdk1.8.0_211\jre\lib\charsets.jar;C:\Program Files\Java\jdk1.8.0_211\jre\lib\jfr.jar;C:\Program Files\Java\jdk1.8.0_211\jre\classes"/>
    <property name="user.script" value=""/>
    <property name="sun.management.compiler" value="HotSpot 64-Bit Tiered Compilers"/>
    <property name="java.runtime.version" value="1.8.0_211-b12"/>
    <property name="user.name" value="HryhorykY"/>
    <property name="path.separator" value=";"/>
    <property name="os.version" value="10.0"/>
    <property name="java.endorsed.dirs" value="C:\Program Files\Java\jdk1.8.0_211\jre\lib\endorsed"/>
    <property name="java.runtime.name" value="Java(TM) SE Runtime Environment"/>
    <property name="file.encoding" value="Cp1251"/>
    <property name="java.vm.name" value="Java HotSpot(TM) 64-Bit Server VM"/>
    <property name="localRepository" value="C:\Users\HryhorykY\.m2\repository"/>
    <property name="java.vendor.url.bug" value="http://bugreport.sun.com/bugreport/"/>
    <property name="java.io.tmpdir" value="C:\Users\HRYHOR~1\AppData\Local\Temp\"/>
    <property name="java.version" value="1.8.0_211"/>
    <property name="user.dir" value="D:\GIT-DOCKER-NEXUS-MAVEN\1 - original\docker\conver"/>
    <property name="os.arch" value="amd64"/>
    <property name="java.vm.specification.name" value="Java Virtual Machine Specification"/>
    <property name="java.awt.printerjob" value="sun.awt.windows.WPrinterJob"/>
    <property name="sun.os.patch.level" value=""/>
    <property name="java.library.path" value="C:\Program Files\Java\jdk1.8.0_211\jre\bin;C:\WINDOWS\Sun\Java\bin;C:\WINDOWS\system32;C:\WINDOWS;C:/Program Files/Java/jre1.8.0_211/bin/server;C:/Program Files/Java/jre1.8.0_211/bin;C:/Program Files/Java/jre1.8.0_211/lib/amd64;C:\Program Files (x86)\Common Files\Oracle\Java\javapath;C:\WINDOWS\system32;C:\WINDOWS;C:\WINDOWS\System32\Wbem;C:\WINDOWS\System32\WindowsPowerShell\v1.0\;C:\WINDOWS\System32\OpenSSH\;C:\PROGRA~2\Groovy\GROOVY~1.0\bin;C:\Program Files\nodejs\;C:\Program Files\Maven\apache-maven-3.6.1\bin;C:\Program Files (x86)\Java\jdk1.6.0_10;C:\Program Files\Ant\apache-ant-1.9.14\bin;c:/SPT_User_Builds;C:\Program Files\sonar-scanner-3.3.0.1492-windows\bin;C:\Program Files\sonarqube-7.7\bin;C:\Program Files\Git\cmd;C:\Program Files\Gradle\gradle-5.6.3;C:\Program Files\Gradle\gradle-5.6.3\bin;C:\Program Files (x86)\Webex\Webex\Applications;c:\econfig\3rdParty;c:\econfig\cfgViews;c:\econfig\JCBridge;c:\econfig\Lib;C:\Program Files (x86)\PuTTY\;C:\Program Files (x86)\Windows Kits\8.1\Windows Performance Toolkit\;C:\Program Files\Microsoft SQL Server\110\Tools\Binn\;C:\Program Files\Docker\Docker\resources\bin;C:\ProgramData\DockerDesktop\version-bin;C:\Users\HryhorykY\AppData\Local\Microsoft\WindowsApps;C:\Users\HryhorykY\AppData\Local\atom\bin;D:\WorkSpace\ecServer\dependency;C:\Users\HryhorykY\AppData\Roaming\npm;C:\Users\HryhorykY\AppData\Local\Programs\Microsoft VS Code\bin;C:\Program Files\Java\jdk1.8.0_211\bin;C:\Program Files (x86)\Java\jdk1.6.0_10\bin;C:\Program Files\Maven\apache-maven-3.6.1\bin;C:\Users\HryhorykY\AppData\Local\Microsoft\WindowsApps;C:\MainEclipse\jee-latest-released\eclipse;;."/>
    <property name="java.vm.info" value="mixed mode"/>
    <property name="java.vendor" value="Oracle Corporation"/>
    <property name="java.vm.version" value="25.211-b12"/>
    <property name="java.ext.dirs" value="C:\Program Files\Java\jdk1.8.0_211\jre\lib\ext;C:\WINDOWS\Sun\Java\lib\ext"/>
    <property name="sun.io.unicode.encoding" value="UnicodeLittle"/>
    <property name="java.class.version" value="52.0"/>
  </properties>
  <testcase name="contextLoads" classname="org.convertator.ConvertatorApplicationTests" time="0.15"/>
</testsuite>